<?xml version="1.0" encoding="UTF-8"?>
<!-- Generated by org.testng.reporters.JUnitReportReporter -->
<testsuite hostname="ravis-MacBook-Pro.local" name="com.twc.AD_TestSuite.Smoke_Test" tests="9" failures="0" timestamp="29 Nov 2015 06:35:23 GMT" time="745.743" errors="0">
  <testcase name="AD_C333177_Verify_Ad_Present_On_NewsExtended_page" time="140.684" classname="com.twc.AD_TestSuite.Smoke_Test"/>
  <testcase name="AD_C333179_Verify_AdCall_On_PulltoRefresh" time="11.864" classname="com.twc.AD_TestSuite.Smoke_Test"/>
  <testcase name="AD_C333182_LotameAdTargeting_On_AppLaunch" time="87.111" classname="com.twc.AD_TestSuite.Smoke_Test"/>
  <testcase name="AD_C333174_FactualCall_On_FreshLaunch_RE" time="19.107" classname="com.twc.AD_TestSuite.Smoke_Test"/>
  <testcase name="AD_C333173_Verify_WeatherFX_ApiCall_On_FreshLaunch_RE" time="73.339" classname="com.twc.AD_TestSuite.Smoke_Test"/>
  <testcase name="AD_C333175_Verify_Ad_Present_On_HourlyExtended_page" time="11.710" classname="com.twc.AD_TestSuite.Smoke_Test"/>
  <testcase name="AD_C333180_Verify_Ad_Present_On_DailyExtended_page" time="211.777" classname="com.twc.AD_TestSuite.Smoke_Test"/>
  <testcase name="AD_C333172_Verify_AdCalls_On_CleanLaunch" time="120.392" classname="com.twc.AD_TestSuite.Smoke_Test"/>
  <testcase name="AD_C333176_Verify_Ad_Present_On_MapsExtended_page" time="69.759" classname="com.twc.AD_TestSuite.Smoke_Test"/>
</testsuite> <!-- com.twc.AD_TestSuite.Smoke_Test -->
